<?xml version="1.0" encoding="UTF-8"?>
<testng-results skipped="0" failed="0" total="0" passed="0">
  <reporter-output>
  </reporter-output>
  <suite name="maventest.maventest.AppTest" duration-ms="4" started-at="2018-02-22T13:05:47Z" finished-at="2018-02-22T13:05:47Z">
    <groups>
    </groups>
    <test name="Command line test" duration-ms="4" started-at="2018-02-22T13:05:47Z" finished-at="2018-02-22T13:05:47Z">
    </test> <!-- Command line test -->
  </suite> <!-- maventest.maventest.AppTest -->
</testng-results>
